[    0.000000] Linux version 4.15.0-96-generic (buildd@lgw01-amd64-004) (gcc version 7.5.0 (Ubuntu 7.5.0-3ubuntu1~18.04)) #97-Ubuntu SMP Wed Apr 1 03:25:46 UTC 2020 (Ubuntu 4.15.0-96.97-generic 4.15.18)
[    0.000000] Command line: BOOT_IMAGE=/boot/vmlinuz-4.15.0-96-generic root=UUID=1835aa91-c5ce-4187-9ea7-ae2f5b106b01 ro console=tty1 console=ttyS0
[    0.000000] KERNEL supported cpus:
[    0.000000]   Intel GenuineIntel
[    0.000000]   AMD AuthenticAMD
[    0.000000]   Centaur CentaurHauls
[    0.000000] x86/fpu: Supporting XSAVE feature 0x001: 'x87 floating point registers'
[    0.000000] x86/fpu: Supporting XSAVE feature 0x002: 'SSE registers'
[    0.000000] x86/fpu: Supporting XSAVE feature 0x004: 'AVX registers'
[    0.000000] x86/fpu: xstate_offset[2]:  576, xstate_sizes[2]:  256
[    0.000000] x86/fpu: Enabled xstate features 0x7, context size is 832 bytes, using 'standard' format.
[    0.000000] e820: BIOS-provided physical RAM map:
[    0.000000] BIOS-e820: [mem 0x0000000000000000-0x000000000009fbff] usable
[    0.000000] BIOS-e820: [mem 0x000000000009fc00-0x000000000009ffff] reserved
[    0.000000] BIOS-e820: [mem 0x00000000000f0000-0x00000000000fffff] reserved
[    0.000000] BIOS-e820: [mem 0x0000000000100000-0x000000007ffeffff] usable
[    0.000000] BIOS-e820: [mem 0x000000007fff0000-0x000000007fffffff] ACPI data
[    0.000000] BIOS-e820: [mem 0x00000000fec00000-0x00000000fec00fff] reserved
[    0.000000] BIOS-e820: [mem 0x00000000fee00000-0x00000000fee00fff] reserved
[    0.000000] BIOS-e820: [mem 0x00000000fffc0000-0x00000000ffffffff] reserved
[    0.000000] NX (Execute Disable) protection: active
[    0.000000] SMBIOS 2.5 present.
[    0.000000] DMI: innotek GmbH VirtualBox/VirtualBox, BIOS VirtualBox 12/01/2006
[    0.000000] Hypervisor detected: KVM
[    0.000000] e820: last_pfn = 0x7fff0 max_arch_pfn = 0x400000000
[    0.000000] MTRR: Disabled
[    0.000000] x86/PAT: MTRRs disabled, skipping PAT initialization too.
[    0.000000] CPU MTRRs all blank - virtualized system.
[    0.000000] x86/PAT: Configuration [0-7]: WB  WT  UC- UC  WB  WT  UC- UC  
[    0.000000] found SMP MP-table at [mem 0x0009fff0-0x0009ffff]
[    0.000000] Scanning 1 areas for low memory corruption
[    0.000000] RAMDISK: [mem 0x35963000-0x36ca8fff]
[    0.000000] ACPI: Early table checksum verification disabled
[    0.000000] ACPI: RSDP 0x00000000000E0000 000024 (v02 VBOX  )
[    0.000000] ACPI: XSDT 0x000000007FFF0030 00003C (v01 VBOX   VBOXXSDT 00000001 ASL  00000061)
[    0.000000] ACPI: FACP 0x000000007FFF00F0 0000F4 (v04 VBOX   VBOXFACP 00000001 ASL  00000061)
[    0.000000] ACPI: DSDT 0x000000007FFF0470 0022EA (v02 VBOX   VBOXBIOS 00000002 INTL 20100528)
[    0.000000] ACPI: FACS 0x000000007FFF0200 000040
[    0.000000] ACPI: FACS 0x000000007FFF0200 000040
[    0.000000] ACPI: APIC 0x000000007FFF0240 00005C (v02 VBOX   VBOXAPIC 00000001 ASL  00000061)
[    0.000000] ACPI: SSDT 0x000000007FFF02A0 0001CC (v01 VBOX   VBOXCPUT 00000002 INTL 20100528)
[    0.000000] No NUMA configuration found
[    0.000000] Faking a node at [mem 0x0000000000000000-0x000000007ffeffff]
[    0.000000] NODE_DATA(0) allocated [mem 0x7ffc5000-0x7ffeffff]
[    0.000000] kvm-clock: cpu 0, msr 0:7ff44001, primary cpu clock
[    0.000000] kvm-clock: Using msrs 4b564d01 and 4b564d00
[    0.000000] kvm-clock: using sched offset of 3980000382 cycles
[    0.000000] clocksource: kvm-clock: mask: 0xffffffffffffffff max_cycles: 0x1cd42e4dffb, max_idle_ns: 881590591483 ns
[    0.000000] Zone ranges:
[    0.000000]   DMA      [mem 0x0000000000001000-0x0000000000ffffff]
[    0.000000]   DMA32    [mem 0x0000000001000000-0x000000007ffeffff]
[    0.000000]   Normal   empty
[    0.000000]   Device   empty
[    0.000000] Movable zone start for each node
[    0.000000] Early memory node ranges
[    0.000000]   node   0: [mem 0x0000000000001000-0x000000000009efff]
[    0.000000]   node   0: [mem 0x0000000000100000-0x000000007ffeffff]
[    0.000000] Reserved but unavailable: 98 pages
[    0.000000] Initmem setup node 0 [mem 0x0000000000001000-0x000000007ffeffff]
[    0.000000] ACPI: PM-Timer IO Port: 0x4008
[    0.000000] IOAPIC[0]: apic_id 2, version 32, address 0xfec00000, GSI 0-23
[    0.000000] ACPI: INT_SRC_OVR (bus 0 bus_irq 0 global_irq 2 dfl dfl)
[    0.000000] ACPI: INT_SRC_OVR (bus 0 bus_irq 9 global_irq 9 low level)
[    0.000000] Using ACPI (MADT) for SMP configuration information
[    0.000000] smpboot: Allowing 2 CPUs, 0 hotplug CPUs
[    0.000000] PM: Registered nosave memory: [mem 0x00000000-0x00000fff]
[    0.000000] PM: Registered nosave memory: [mem 0x0009f000-0x0009ffff]
[    0.000000] PM: Registered nosave memory: [mem 0x000a0000-0x000effff]
[    0.000000] PM: Registered nosave memory: [mem 0x000f0000-0x000fffff]
[    0.000000] e820: [mem 0x80000000-0xfebfffff] available for PCI devices
[    0.000000] Booting paravirtualized kernel on KVM
[    0.000000] clocksource: refined-jiffies: mask: 0xffffffff max_cycles: 0xffffffff, max_idle_ns: 7645519600211568 ns
[    0.000000] random: get_random_bytes called from start_kernel+0x99/0x4fd with crng_init=0
[    0.000000] setup_percpu: NR_CPUS:8192 nr_cpumask_bits:2 nr_cpu_ids:2 nr_node_ids:1
[    0.000000] percpu: Embedded 45 pages/cpu s147456 r8192 d28672 u1048576
[    0.000000] PV qspinlock hash table entries: 256 (order: 0, 4096 bytes)
[    0.000000] Built 1 zonelists, mobility grouping on.  Total pages: 515961
[    0.000000] Policy zone: DMA32
[    0.000000] Kernel command line: BOOT_IMAGE=/boot/vmlinuz-4.15.0-96-generic root=UUID=1835aa91-c5ce-4187-9ea7-ae2f5b106b01 ro console=tty1 console=ttyS0
[    0.000000] Memory: 2014724K/2096696K available (12300K kernel code, 2481K rwdata, 4264K rodata, 2432K init, 2712K bss, 81972K reserved, 0K cma-reserved)
[    0.000000] SLUB: HWalign=64, Order=0-3, MinObjects=0, CPUs=2, Nodes=1
[    0.000000] Kernel/User page tables isolation: enabled
[    0.000000] ftrace: allocating 39351 entries in 154 pages
[    0.004000] Hierarchical RCU implementation.
[    0.004000] 	RCU restricting CPUs from NR_CPUS=8192 to nr_cpu_ids=2.
[    0.004000] 	Tasks RCU enabled.
[    0.004000] RCU: Adjusting geometry for rcu_fanout_leaf=16, nr_cpu_ids=2
[    0.004000] NR_IRQS: 524544, nr_irqs: 440, preallocated irqs: 16
[    0.004000] Console: colour VGA+ 80x25
[    0.004000] console [tty1] enabled
[    0.004000] console [ttyS0] enabled
[    0.004000] ACPI: Core revision 20170831
[    0.004000] ACPI: 2 ACPI AML tables successfully acquired and loaded
[    0.004000] APIC: Switch to symmetric I/O mode setup
[    0.004000] x2apic enabled
[    0.004000] Switched APIC routing to physical x2apic.
[    0.004000] ..TIMER: vector=0x30 apic1=0 pin1=2 apic2=-1 pin2=-1
[    0.004003] tsc: Detected 3408.000 MHz processor
[    0.004826] Calibrating delay loop (skipped) preset value.. 6816.00 BogoMIPS (lpj=13632000)
[    0.005461] pid_max: default: 32768 minimum: 301
[    0.008027] Security Framework initialized
[    0.008770] Yama: becoming mindful.
[    0.009444] AppArmor: AppArmor initialized
[    0.012000] Dentry cache hash table entries: 262144 (order: 9, 2097152 bytes)
[    0.020035] Inode-cache hash table entries: 131072 (order: 8, 1048576 bytes)
[    0.024016] Mount-cache hash table entries: 4096 (order: 3, 32768 bytes)
[    0.028004] Mountpoint-cache hash table entries: 4096 (order: 3, 32768 bytes)
[    0.029449] Last level iTLB entries: 4KB 64, 2MB 8, 4MB 8
[    0.030406] Last level dTLB entries: 4KB 64, 2MB 0, 4MB 0, 1GB 4
[    0.031441] Spectre V1 : Mitigation: usercopy/swapgs barriers and __user pointer sanitization
[    0.032002] Spectre V2 : Mitigation: Full generic retpoline
[    0.032967] Spectre V2 : Spectre v2 / SpectreRSB mitigation: Filling RSB on context switch
[    0.034419] Speculative Store Bypass: Vulnerable
[    0.036028] MDS: Vulnerable: Clear CPU buffers attempted, no microcode
[    0.037336] Freeing SMP alternatives memory: 36K
[    0.148065] smpboot: CPU0: Intel(R) Core(TM) i7-6700 CPU @ 3.40GHz (family: 0x6, model: 0x5e, stepping: 0x3)
[    0.149833] Performance Events: unsupported p6 CPU model 94 no PMU driver, software events only.
[    0.151392] Hierarchical SRCU implementation.
[    0.152000] NMI watchdog: Perf event create on CPU 0 failed with -2
[    0.152001] NMI watchdog: Perf NMI watchdog permanently disabled
[    0.153073] smp: Bringing up secondary CPUs ...
[    0.153944] x86: Booting SMP configuration:
[    0.156002] .... node  #0, CPUs:      #1
[    0.004000] kvm-clock: cpu 1, msr 0:7ff44041, secondary cpu clock
[    0.160016] smp: Brought up 1 node, 2 CPUs
[    0.160751] smpboot: Max logical packages: 1
[    0.161527] smpboot: Total of 2 processors activated (13632.00 BogoMIPS)
[    0.162767] devtmpfs: initialized
[    0.162767] x86/mm: Memory block size: 128MB
[    0.164200] evm: security.selinux
[    0.164826] evm: security.SMACK64
[    0.165466] evm: security.SMACK64EXEC
[    0.166142] evm: security.SMACK64TRANSMUTE
[    0.166887] evm: security.SMACK64MMAP
[    0.167560] evm: security.apparmor
[    0.168001] evm: security.ima
[    0.168571] evm: security.capability
[    0.169266] clocksource: jiffies: mask: 0xffffffff max_cycles: 0xffffffff, max_idle_ns: 7645041785100000 ns
[    0.169687] futex hash table entries: 512 (order: 3, 32768 bytes)
[    0.172040] pinctrl core: initialized pinctrl subsystem
[    0.173034] RTC time: 15:00:36, date: 04/15/20
[    0.173940] NET: Registered protocol family 16
[    0.174813] audit: initializing netlink subsys (disabled)
[    0.176018] audit: type=2000 audit(1586962841.814:1): state=initialized audit_enabled=0 res=1
[    0.177544] cpuidle: using governor ladder
[    0.177544] cpuidle: using governor menu
[    0.177571] ACPI: bus type PCI registered
[    0.180004] acpiphp: ACPI Hot Plug PCI Controller Driver version: 0.5
[    0.181203] PCI: Using configuration type 1 for base access
[    0.184037] HugeTLB registered 2.00 MiB page size, pre-allocated 0 pages
[    0.188071] ACPI: Added _OSI(Module Device)
[    0.188829] ACPI: Added _OSI(Processor Device)
[    0.189629] ACPI: Added _OSI(3.0 _SCP Extensions)
[    0.190460] ACPI: Added _OSI(Processor Aggregator Device)
[    0.191396] ACPI: Added _OSI(Linux-Dell-Video)
[    0.192000] ACPI: Added _OSI(Linux-Lenovo-NV-HDMI-Audio)
[    0.192006] ACPI: Added _OSI(Linux-HPI-Hybrid-Graphics)
[    0.193222] ACPI: Executed 1 blocks of module-level executable AML code
[    0.198474] ACPI: Interpreter enabled
[    0.199178] ACPI: (supports S0 S5)
[    0.200001] ACPI: Using IOAPIC for interrupt routing
[    0.201138] PCI: Using host bridge windows from ACPI; if necessary, use "pci=nocrs" and report a bug
[    0.202881] ACPI: Enabled 2 GPEs in block 00 to 07
[    0.210448] ACPI: PCI Root Bridge [PCI0] (domain 0000 [bus 00-ff])
[    0.211526] acpi PNP0A03:00: _OSC: OS supports [ASPM ClockPM Segments MSI]
[    0.212536] acpi PNP0A03:00: _OSC: not requesting OS control; OS requires [ExtendedConfig ASPM ClockPM MSI]
[    0.214218] acpi PNP0A03:00: fail to add MMCONFIG information, can't access extended PCI configuration space under this bridge.
[    0.216337] PCI host bridge to bus 0000:00
[    0.217094] pci_bus 0000:00: root bus resource [io  0x0000-0x0cf7 window]
[    0.218289] pci_bus 0000:00: root bus resource [io  0x0d00-0xffff window]
[    0.220002] pci_bus 0000:00: root bus resource [mem 0x000a0000-0x000bffff window]
[    0.221353] pci_bus 0000:00: root bus resource [mem 0x80000000-0xfdffffff window]
[    0.222691] pci_bus 0000:00: root bus resource [bus 00-ff]
[    0.225797] pci 0000:00:01.1: legacy IDE quirk: reg 0x10: [io  0x01f0-0x01f7]
[    0.227012] pci 0000:00:01.1: legacy IDE quirk: reg 0x14: [io  0x03f6]
[    0.228000] pci 0000:00:01.1: legacy IDE quirk: reg 0x18: [io  0x0170-0x0177]
[    0.228002] pci 0000:00:01.1: legacy IDE quirk: reg 0x1c: [io  0x0376]
[    0.247277] pci 0000:00:07.0: quirk: [io  0x4000-0x403f] claimed by PIIX4 ACPI
[    0.248014] pci 0000:00:07.0: quirk: [io  0x4100-0x410f] claimed by PIIX4 SMB
[    0.260413] ACPI: PCI Interrupt Link [LNKA] (IRQs 5 9 10 *11)
[    0.262173] ACPI: PCI Interrupt Link [LNKB] (IRQs 5 9 *10 11)
[    0.264097] ACPI: PCI Interrupt Link [LNKC] (IRQs 5 *9 10 11)
[    0.265202] ACPI: PCI Interrupt Link [LNKD] (IRQs 5 9 10 *11)
[    0.266452] SCSI subsystem initialized
[    0.267179] pci 0000:00:02.0: vgaarb: setting as boot VGA device
[    0.267179] pci 0000:00:02.0: vgaarb: VGA device added: decodes=io+mem,owns=io+mem,locks=none
[    0.268008] pci 0000:00:02.0: vgaarb: bridge control possible
[    0.269008] vgaarb: loaded
[    0.269561] ACPI: bus type USB registered
[    0.272016] usbcore: registered new interface driver usbfs
[    0.272979] usbcore: registered new interface driver hub
[    0.273925] usbcore: registered new device driver usb
[    0.274853] EDAC MC: Ver: 3.0.0
[    0.276040] PCI: Using ACPI for IRQ routing
[    0.277031] NetLabel: Initializing
[    0.277675] NetLabel:  domain hash size = 128
[    0.278455] NetLabel:  protocols = UNLABELED CIPSOv4 CALIPSO
[    0.279454] NetLabel:  unlabeled traffic allowed by default
[    0.280074] clocksource: Switched to clocksource kvm-clock
[    0.323493] VFS: Disk quotas dquot_6.6.0
[    0.324280] VFS: Dquot-cache hash table entries: 512 (order 0, 4096 bytes)
[    0.325518] AppArmor: AppArmor Filesystem Enabled
[    0.326399] pnp: PnP ACPI init
[    0.328129] pnp: PnP ACPI: found 3 devices
[    0.337144] clocksource: acpi_pm: mask: 0xffffff max_cycles: 0xffffff, max_idle_ns: 2085701024 ns
[    0.338735] NET: Registered protocol family 2
[    0.339655] TCP established hash table entries: 16384 (order: 5, 131072 bytes)
[    0.341034] TCP bind hash table entries: 16384 (order: 6, 262144 bytes)
[    0.342181] TCP: Hash tables configured (established 16384 bind 16384)
[    0.354316] UDP hash table entries: 1024 (order: 3, 32768 bytes)
[    0.355466] UDP-Lite hash table entries: 1024 (order: 3, 32768 bytes)
[    0.356627] NET: Registered protocol family 1
[    0.357429] pci 0000:00:00.0: Limiting direct PCI/PCI transfers
[    0.358488] pci 0000:00:01.0: Activating ISA DMA hang workarounds
[    0.359586] pci 0000:00:02.0: Video device with shadowed ROM at [mem 0x000c0000-0x000dffff]
[    0.361262] Unpacking initramfs...
[    0.908163] Freeing initrd memory: 19736K
[    0.909068] clocksource: tsc: mask: 0xffffffffffffffff max_cycles: 0x311fd3cd494, max_idle_ns: 440795223879 ns
[    0.910944] platform rtc_cmos: registered platform RTC device (no PNP device found)
[    0.912343] Scanning for low memory corruption every 60 seconds
[    0.914029] Initialise system trusted keyrings
[    0.914849] Key type blacklist registered
[    0.915646] workingset: timestamp_bits=36 max_order=19 bucket_order=0
[    0.917725] zbud: loaded
[    0.918694] squashfs: version 4.0 (2009/01/31) Phillip Lougher
[    0.919867] fuse init (API version 7.26)
[    0.924646] Key type asymmetric registered
[    0.925401] Asymmetric key parser 'x509' registered
[    0.926283] Block layer SCSI generic (bsg) driver version 0.4 loaded (major 246)
[    0.927676] io scheduler noop registered
[    0.928427] io scheduler deadline registered
[    0.929224] io scheduler cfq registered (default)
[    0.930294] ACPI: AC Adapter [AC] (on-line)
[    0.931101] input: Power Button as /devices/LNXSYSTM:00/LNXPWRBN:00/input/input0
[    0.932479] ACPI: Power Button [PWRF]
[    0.933227] input: Sleep Button as /devices/LNXSYSTM:00/LNXSLPBN:00/input/input1
[    0.934557] ACPI: Sleep Button [SLPF]
[    0.935505] Serial: 8250/16550 driver, 32 ports, IRQ sharing enabled
[    0.957289] 00:02: ttyS0 at I/O 0x3f8 (irq = 4, base_baud = 115200) is a 16550A
[    0.961040] Linux agpgart interface v0.103
[    0.963058] loop: module loaded
[    0.964148] scsi host0: ata_piix
[    0.964869] scsi host1: ata_piix
[    0.965518] ata1: PATA max UDMA/33 cmd 0x1f0 ctl 0x3f6 bmdma 0xd000 irq 14
[    0.966689] ata2: PATA max UDMA/33 cmd 0x170 ctl 0x376 bmdma 0xd008 irq 15
[    0.967922] libphy: Fixed MDIO Bus: probed
[    0.968700] tun: Universal TUN/TAP device driver, 1.6
[    0.969645] PPP generic driver version 2.4.2
[    0.970489] ehci_hcd: USB 2.0 'Enhanced' Host Controller (EHCI) Driver
[    0.971644] ehci-pci: EHCI PCI platform driver
[    0.972480] ehci-platform: EHCI generic platform driver
[    0.973398] ohci_hcd: USB 1.1 'Open' Host Controller (OHCI) Driver
[    0.974458] ohci-pci: OHCI PCI platform driver
[    0.975265] ohci-platform: OHCI generic platform driver
[    0.976218] uhci_hcd: USB Universal Host Controller Interface driver
[    0.977347] i8042: PNP: PS/2 Controller [PNP0303:PS2K,PNP0f03:PS2M] at 0x60,0x64 irq 1,12
[    0.979242] serio: i8042 KBD port at 0x60,0x64 irq 1
[    0.980146] serio: i8042 AUX port at 0x60,0x64 irq 12
[    0.981185] mousedev: PS/2 mouse device common for all mice
[    0.982668] input: AT Translated Set 2 keyboard as /devices/platform/i8042/serio0/input/input2
[    0.984356] rtc_cmos rtc_cmos: rtc core: registered rtc_cmos as rtc0
[    0.985509] rtc_cmos rtc_cmos: alarms up to one day, 114 bytes nvram
[    0.986599] i2c /dev entries driver
[    0.987281] device-mapper: uevent: version 1.0.3
[    0.988234] device-mapper: ioctl: 4.37.0-ioctl (2017-09-20) initialised: dm-devel@redhat.com
[    0.989763] ledtrig-cpu: registered to indicate activity on CPUs
[    0.991083] NET: Registered protocol family 10
[    0.994445] Segment Routing with IPv6
[    0.995148] NET: Registered protocol family 17
[    0.996031] Key type dns_resolver registered
[    0.996959] mce: Using 0 MCE banks
[    0.997613] RAS: Correctable Errors collector initialized.
[    0.998577] sched_clock: Marking stable (996933950, 0)->(1278652587, -281718637)
[    1.000281] registered taskstats version 1
[    1.001045] Loading compiled-in X.509 certificates
[    1.003518] Loaded X.509 cert 'Build time autogenerated kernel key: 244b473b43e18b01f00e37a87f2ecd28620f0244'
[    1.005275] zswap: loaded using pool lzo/zbud
[    1.008494] Key type big_key registered
[    1.009207] Key type trusted registered
[    1.011097] Key type encrypted registered
[    1.011832] AppArmor: AppArmor sha1 policy hashing enabled
[    1.012812] ima: No TPM chip found, activating TPM-bypass! (rc=-19)
[    1.013893] ima: Allocated hash algorithm: sha1
[    1.014721] evm: HMAC attrs: 0x1
[    1.015574]   Magic number: 0:666:32
[    1.016342] rtc_cmos rtc_cmos: setting system clock to 2020-04-15 15:00:37 UTC (1586962837)
[    1.017910] BIOS EDD facility v0.16 2004-Jun-25, 0 devices found
[    1.018959] EDD information not available.
[    1.132425] Freeing unused kernel image memory: 2432K
[    1.148817] Write protecting the kernel read-only data: 20480k
[    1.152169] Freeing unused kernel image memory: 2008K
[    1.154776] Freeing unused kernel image memory: 1880K
[    1.171849] x86/mm: Checked W+X mappings: passed, no W+X pages found.
[    1.173588] x86/mm: Checking user space page tables
[    1.183837] x86/mm: Checked W+X mappings: passed, no W+X pages found.
Loading, please wait...
starting version 237
[    1.246806] e1000: Intel(R) PRO/1000 Network Driver - version 7.3.21-k8-NAPI
[    1.248028] e1000: Copyright (c) 1999-2006 Intel Corporation.
[    1.249768] Fusion MPT base driver 3.04.20
[    1.250542] Copyright (c) 1999-2008 LSI Corporation
[    1.254026] Fusion MPT SPI Host driver 3.04.20
[    1.288519] AVX2 version of gcm_enc/dec engaged.
[    1.289408] AES CTR mode by8 optimization enabled
[    1.457536] input: ImExPS/2 Generic Explorer Mouse as /devices/platform/i8042/serio1/input/input4
[    1.638873] e1000 0000:00:03.0 eth0: (PCI:33MHz:32-bit) 02:9c:31:18:9c:f3
[    1.640051] e1000 0000:00:03.0 eth0: Intel(R) PRO/1000 Network Connection
[    1.642034] mptbase: ioc0: Initiating bringup
[    1.737515] ioc0: LSI53C1030 A0: Capabilities={Initiator}
[    1.979739] scsi host2: ioc0: LSI53C1030 A0, FwRev=00000000h, Ports=1, MaxQ=256, IRQ=20
[    2.148649] scsi 2:0:0:0: Direct-Access     VBOX     HARDDISK         1.0  PQ: 0 ANSI: 5
[    2.176539] scsi target2:0:0: Beginning Domain Validation
[    2.181432] scsi target2:0:0: Domain Validation skipping write tests
[    2.184023] scsi target2:0:0: Ending Domain Validation
[    2.186449] scsi target2:0:0: asynchronous
[    2.187878] scsi 2:0:1:0: Direct-Access     VBOX     HARDDISK         1.0  PQ: 0 ANSI: 5
[    2.492708] scsi target2:0:1: Beginning Domain Validation
[    2.494490] random: fast init done
[    2.495421] scsi target2:0:1: Domain Validation skipping write tests
[    2.496553] scsi target2:0:1: Ending Domain Validation
[    2.497579] scsi target2:0:1: asynchronous
[    2.501538] random: systemd-udevd: uninitialized urandom read (16 bytes read)
[    2.502798] sd 2:0:0:0: Attached scsi generic sg0 type 0
[    2.502890] random: systemd-udevd: uninitialized urandom read (16 bytes read)
[    2.505062] sd 2:0:0:0: [sda] 62914560 512-byte logical blocks: (32.2 GB/30.0 GiB)
[    2.506511] sd 2:0:1:0: Attached scsi generic sg1 type 0
[    2.506539] sd 2:0:0:0: [sda] Write Protect is off
[    2.508430] sd 2:0:1:0: [sdb] 20480 512-byte logical blocks: (10.5 MB/10.0 MiB)
[    2.508433] random: systemd-udevd: uninitialized urandom read (16 bytes read)
[    2.511016] sd 2:0:0:0: [sda] Incomplete mode parameter data
[    2.511025] sd 2:0:1:0: [sdb] Write Protect is off
[    2.512000] sd 2:0:0:0: [sda] Assuming drive cache: write through
[    2.514086] sd 2:0:1:0: [sdb] Incomplete mode parameter data
[    2.515148] sd 2:0:1:0: [sdb] Assuming drive cache: write through
[    2.521255]  sda: sda1
[    2.522320] sd 2:0:0:0: [sda] Attached SCSI disk
[    2.524530] sd 2:0:1:0: [sdb] Attached SCSI disk
[    2.542441] e1000 0000:00:08.0 eth1: (PCI:33MHz:32-bit) 08:00:27:63:8e:8c
[    2.543627] e1000 0000:00:08.0 eth1: Intel(R) PRO/1000 Network Connection
[    2.546215] e1000 0000:00:08.0 enp0s8: renamed from eth1
[    2.561454] e1000 0000:00:03.0 enp0s3: renamed from eth0
Begin: Loading essential drivers ... [    4.120189] raid6: sse2x1   gen() 12169 MB/s
[    4.168498] raid6: sse2x1   xor()  9232 MB/s
[    4.217300] raid6: sse2x2   gen() 14147 MB/s
[    4.264139] raid6: sse2x2   xor() 10486 MB/s
[    4.312008] raid6: sse2x4   gen() 16125 MB/s
[    4.360769] raid6: sse2x4   xor() 11125 MB/s
[    4.408610] raid6: avx2x1   gen() 24604 MB/s
[    4.456408] raid6: avx2x1   xor() 17467 MB/s
[    4.505218] raid6: avx2x2   gen() 28156 MB/s
[    4.552065] raid6: avx2x2   xor() 19188 MB/s
[    4.600871] raid6: avx2x4   gen() 32769 MB/s
[    4.648686] raid6: avx2x4   xor() 21994 MB/s
[    4.649478] raid6: using algorithm avx2x4 gen() 32769 MB/s
[    4.650446] raid6: .... xor() 21994 MB/s, rmw enabled
[    4.651364] raid6: using avx2x2 recovery algorithm
[    4.653250] xor: automatically using best checksumming function   avx       
[    4.655397] async_tx: api initialized (async)
done.
Begin: Running /scripts/init-premount ... done.
Begin: Mounting root file system ... Begin: Running /scripts/local-top ... done.
Begin: Running /scripts/local-premount ... [    4.693246] Btrfs loaded, crc32c=crc32c-intel
Scanning for Btrfs filesystems
done.
Warning: fsck not present, so skipping root file system
[    4.715345] EXT4-fs (sda1): mounted filesystem with ordered data mode. Opts: (null)
done.
Begin: Running /scripts/local-bottom ... done.
Begin: Running /scripts/init-bottom ... done.
[    4.864966] ip_tables: (C) 2000-2006 Netfilter Core Team
[    4.872407] systemd[1]: systemd 237 running in system mode. (+PAM +AUDIT +SELINUX +IMA +APPARMOR +SMACK +SYSVINIT +UTMP +LIBCRYPTSETUP +GCRYPT +GNUTLS +ACL +XZ +LZ4 +SECCOMP +BLKID +ELFUTILS +KMOD -IDN2 +IDN -PCRE2 default-hierarchy=hybrid)
[    4.876092] systemd[1]: Detected virtualization oracle.
[    4.877012] systemd[1]: Detected architecture x86-64.

Welcome to [1mUbuntu 18.04.4 LTS[0m!

[    4.882468] systemd[1]: Set hostname to <ubuntu-bionic>.
[    5.101922] systemd[1]: Started Forward Password Requests to Wall Directory Watch.
[[0;32m  OK  [0m] Started Forward Password Requests to Wall Directory Watch.
[    5.104313] systemd[1]: Reached target User and Group Name Lookups.
[[0;32m  OK  [0m] Reached target User and Group Name Lookups.
[    5.106350] systemd[1]: Set up automount Arbitrary Executable File Formats File System Automount Point.
[[0;32m  OK  [0m] Set up automount Arbitrary Executab…rmats File System Automount Point.
[    5.110420] systemd[1]: Created slice System Slice.
[[0;32m  OK  [0m] Created slice System Slice.
[    5.112186] systemd[1]: Created slice system-serial\x2dgetty.slice.
[[0;32m  OK  [0m] Created slice system-serial\x2dgetty.slice.
[    5.114182] systemd[1]: Listening on /dev/initctl Compatibility Named Pipe.
[[0;32m  OK  [0m] Listening on /dev/initctl Compatibility Named Pipe.
[[0;32m  OK  [0m] Listening on Syslog Socket.
[[0;32m  OK  [0m] Listening on Network Service Netlink Socket.
[[0;32m  OK  [0m] Listening on udev Control Socket.
[[0;32m  OK  [0m] Listening on LVM2 poll daemon socket.
[[0;32m  OK  [0m] Listening on udev Kernel Socket.
[[0;32m  OK  [0m] Listening on Journal Socket (/dev/log).
[[0;32m  OK  [0m] Listening on Device-mapper event daemon FIFOs.
[[0;32m  OK  [0m] Reached target Swap.
[[0;32m  OK  [0m] Created slice User and Session Slice.
[[0;32m  OK  [0m] Listening on Journal Socket.
         Mounting POSIX Message Queue File System...
         Starting Create list of required st…ce nodes for the current kernel...
         Starting Remount Root and Kernel File Systems...
         Mounting Huge Pages File System...
         Starting Uncomplicated firewall...
         Starting udev Coldplug all Devices...
[[0;32m  OK  [0m] Listening on Journal Audit Socket.
         Starting Journal Service...
         Starting Set the console keyboard layout...
[[0;32m  OK  [0m] Reached target Slices.
[[0;32m  OK  [0m] Reached target System Time Synchronized.
         Starting Load Kernel Modules...
[[0;32m  OK  [0m] Listening on LVM2 metadata daemon socket.
         Starting Monitoring of LVM2 mirrors…ng dmeventd or progress polling...
[    5.179236] Loading iSCSI transport class v2.0-870.
         Mounting Kernel Debug File System...
[[0;32m  OK  [0m] Mounted POSIX Message Queue File System.
[[0;32m  OK  [0m] Started Create list of required sta…vice nodes for the current kernel.
[[0;32m  OK  [0m] Mounted Huge Pages File System.
[    5.189199] iscsi: registered transport (tcp)
[[0;32m  OK  [0m] Started Uncomplicated firewall.
[[0;32m  OK  [0m] Mounted Kernel Debug File System.
         Starting Create Static Device Nodes in [    5.204528] EXT4-fs (sda1): re-mounted. Opts: (null)
/dev...
[[0;32m  OK  [0m] Started Remount Root and Kernel File Systems.
         Starting Load/Save Random Seed...
[[0;32m  OK  [0m] Started udev Coldplug all Devices.
[[0;32m  OK  [0m] Started Journal Service.
[[0;32m  OK  [0m] Started Create Static Device Nodes in /dev.
         Starting udev Kernel Device Manager...
         Starting Flush Journal to Persistent Storage...
[    5.278243] iscsi: registered transport (iser)
[[0;32m  OK  [0m] Started Load Kernel Modules.
         Mounting Kernel Configuration File System...
         Mounting FUSE Control File System...
         Starting Apply Kernel Variables...
[[0;32m  OK  [0m] Mounted Kernel Configuration File System.
[[0;32m  OK  [0m] Mounted FUSE Control File System.
[[0;32m  OK  [0m] Started Load/Save Random Seed.
[    5.292607] systemd-journald[394]: Received request to flush runtime journal from PID 1
[[0;32m  OK  [0m] Started udev Kernel Device Manager.
[[0;32m  OK  [0m] Started LVM2 metadata daemon.
[[0;32m  OK  [0m] Started Apply Kernel Variables.
[[0;32m  OK  [0m] Started Monitoring of LVM2 mirrors,…sing dmeventd or progress polling.
[[0;32m  OK  [0m] Started Flush Journal to Persistent Storage.
[[0;32m  OK  [0m] Found device /dev/ttyS0.
[[0;32m  OK  [0m] Listening on Load/Save RF Kill Switch Status /dev/rfkill Watch.
[[0;32m  OK  [0m] Started Set the console keyboard layout.
[[0;32m  OK  [0m] Reached target Local File Systems (Pre).
[[0;32m  OK  [0m] Reached target Local File Systems.
         Starting Set console font and keymap...
         Starting Tell Plymouth To Write Out Runtime Data...
         Starting Create Volatile Files and Directories...
         Starting AppArmor initialization...
         Starting ebtables ruleset management...
[[0;32m  OK  [0m] Started Dispatch Password Requests to Console Directory Watch.
[[0;32m  OK  [0m] Reached target Local Encrypted Volumes.
[[0;32m  OK  [0m] Started Set console font and keymap.
[[0;32m  OK  [0m] Started Tell Plymouth To Write Out Runtime Data.
[[0;32m  OK  [0m] Started Create Volatile Files and Directories.
         Starting Update UTMP about System Boot/Shutdown...
[[0;32m  OK  [0m] Started Update UTMP about System Boot/Shutdown.
[[0;32m  OK  [0m] Started ebtables ruleset management.
[[0;32m  OK  [0m] Started AppArmor initialization.
         Starting Initial cloud-init job (pre-networking)...
[    7.601588] cloud-init[674]: Cloud-init v. 19.4-33-gbb4131a2-0ubuntu1~18.04.1 running 'init-local' at Wed, 15 Apr 2020 15:00:43 +0000. Up 7.39 seconds.
[[0;32m  OK  [0m] Started Initial cloud-init job (pre-networking).
[[0;32m  OK  [0m] Reached target Network (Pre).
         Starting Network Service...
[[0;32m  OK  [0m] Started Network Service.
         Starting Network Name Resolution...
         Starting Wait for Network to be Configured...
[[0;32m  OK  [0m] Started Network Name Resolution.
[[0;32m  OK  [0m] Reached target Host and Network Name Lookups.
[[0;32m  OK  [0m] Reached target Network.
[[0;32m  OK  [0m] Started Wait for Network to be Configured.
         Starting Initial cloud-init job (metadata service crawler)...
[    9.631350] cloud-init[791]: Cloud-init v. 19.4-33-gbb4131a2-0ubuntu1~18.04.1 running 'init' at Wed, 15 Apr 2020 15:00:45 +0000. Up 9.43 seconds.
[    9.633159] cloud-init[791]: ci-info: ++++++++++++++++++++++++++++++++++++++Net device info+++++++++++++++++++++++++++++++++++++++
[    9.634576] cloud-init[791]: ci-info: +--------+------+-----------------------------+---------------+--------+-------------------+
[    9.635841] cloud-init[791]: ci-info: | Device |  Up  |           Address           |      Mask     | Scope  |     Hw-Address    |
[    9.637250] cloud-init[791]: ci-info: +--------+------+-----------------------------+---------------+--------+-------------------+
[    9.648785] cloud-init[791]: ci-info: | enp0s3 | True |          10.0.2.15          | 255.255.255.0 | global | 02:9c:31:18:9c:f3 |
[    9.650203] cloud-init[791]: ci-info: | enp0s3 | True |  fe80::9c:31ff:fe18:9cf3/64 |       .       |  link  | 02:9c:31:18:9c:f3 |
[    9.651584] cloud-init[791]: ci-info: | enp0s8 | True |        192.168.33.10        | 255.255.255.0 | global | 08:00:27:63:8e:8c |
[    9.652949] cloud-init[791]: ci-info: | enp0s8 | True | fe80::a00:27ff:fe63:8e8c/64 |       .       |  link  | 08:00:27:63:8e:8c |
[    9.654300] cloud-init[791]: ci-info: |   lo   | True |          127.0.0.1          |   255.0.0.0   |  host  |         .         |
[    9.655671] cloud-init[791]: ci-info: |   lo   | True |           ::1/128           |       .       |  host  |         .         |
[    9.657118] cloud-init[791]: ci-info: +--------+------+-----------------------------+---------------+--------+-------------------+
[    9.658507] cloud-init[791]: ci-info: +++++++++++++++++++++++++++++Route IPv4 info+++++++++++++++++++++++++++++
[    9.673230] cloud-init[791]: ci-info: +-------+--------------+----------+-----------------+-----------+-------+
[    9.684358] cloud-init[791]: ci-info: | Route | Destination  | Gateway  |     Genmask     | Interface | Flags |
[    9.696573] cloud-init[791]: ci-info: +-------+--------------+----------+-----------------+-----------+-------+
[    9.710761] cloud-init[791]: ci-info: |   0   |   0.0.0.0    | 10.0.2.2 |     0.0.0.0     |   enp0s3  |   UG  |
[    9.712039] cloud-init[791]: ci-info: |   1   |   10.0.2.0   | 0.0.0.0  |  255.255.255.0  |   enp0s3  |   U   |
[    9.724158] cloud-init[791]: ci-info: |   2   |   10.0.2.2   | 0.0.0.0  | 255.255.255.255 |   enp0s3  |   UH  |
[    9.736416] cloud-init[791]: ci-info: |   3   | 192.168.33.0 | 0.0.0.0  |  255.255.255.0  |   enp0s8  |   U   |
[    9.737664] cloud-init[791]: ci-info: +-------+--------------+----------+-----------------+-----------+-------+
[    9.748247] cloud-init[791]: ci-info: +++++++++++++++++++Route IPv6 info+++++++++++++++++++
[    9.749375] cloud-init[791]: ci-info: +-------+-------------+---------+-----------+-------+
[    9.750477] cloud-init[791]: ci-info: | Route | Destination | Gateway | Interface | Flags |
[    9.751499] cloud-init[791]: ci-info: +-------+-------------+---------+-----------+-------+
[    9.752533] cloud-init[791]: ci-info: |   1   |  fe80::/64  |    ::   |   enp0s3  |   U   |
[    9.753535] cloud-init[791]: ci-info: |   2   |  fe80::/64  |    ::   |   enp0s8  |   U   |
[    9.773986] cloud-init[791]: ci-info: |   4   |    local    |    ::   |   enp0s3  |   U   |
[    9.784642] cloud-init[791]: ci-info: |   5   |    local    |    ::   |   enp0s8  |   U   |
[    9.796183] cloud-init[791]: ci-info: |   6   |   ff00::/8  |    ::   |   enp0s3  |   U   |
[    9.797789] cloud-init[791]: ci-info: |   7   |   ff00::/8  |    ::   |   enp0s8  |   U   |
[    9.808475] cloud-init[791]: ci-info: +-------+-------------+---------+-----------+-------+
[[0;32m  OK  [0m] Started Initial cloud-init job (metadata service crawler).
[[0;32m  OK  [0m] Reached target System Initialization.
         Starting Docker Socket for the API.
[[0;32m  OK  [0m] Listening on ACPID Listen Socket.
[[0;32m  OK  [0m] Started ACPI Events Check.
         Starting LXD - unix socket.
[[0;32m  OK  [0m] Started Daily apt download activities.
[[0;32m  OK  [0m] Started Message of the Day.
[[0;32m  OK  [0m] Listening on Open-iSCSI iscsid Socket.
[[0;32m  OK  [0m] Reached target Paths.
[[0;32m  OK  [0m] Listening on UUID daemon activation socket.
[[0;32m  OK  [0m] Started Daily apt upgrade and clean activities.
         Starting Socket activation for snappy daemon.
[[0;32m  OK  [0m] Listening on D-Bus System Message Bus Socket.
[[0;32m  OK  [0m] Started Discard unused blocks once a week.
[[0;32m  OK  [0m] Started Daily Cleanup of Temporary Directories.
[[0;32m  OK  [0m] Reached target Timers.
[[0;32m  OK  [0m] Reached target Network is Online.
[[0;32m  OK  [0m] Reached target Remote File Systems (Pre).
[[0;32m  OK  [0m] Reached target Remote File Systems.
         Starting Availability of block devices...
[[0;32m  OK  [0m] Reached target Cloud-config availability.
[[0;32m  OK  [0m] Listening on Docker Socket for the API.
[[0;32m  OK  [0m] Listening on LXD - unix socket.
[[0;32m  OK  [0m] Listening on Socket activation for snappy daemon.
[[0;32m  OK  [0m] Reached target Sockets.
[[0;32m  OK  [0m] Reached target Basic System.
         Starting System Logging Service...
[[0;32m  OK  [0m] Started Regular background program processing daemon.
         Starting OpenBSD Secure Shell server...
         Starting Dispatcher daemon for systemd-networkd...
         Starting LSB: Start Jenkins at boot time...
         Starting LSB: Record successful boot for GRUB...
         Starting Permit User Sessions...
[[0;32m  OK  [0m] Started FUSE filesystem for LXC.
         Starting Snappy daemon...
         Starting containerd container runtime...
         Starting Login Service...
[[0;32m  OK  [0m] Started Deferred execution scheduler.
         Starting Accounts Service...
[[0;32m  OK  [0m] Started D-Bus System Message Bus.
[[0;32m  OK  [0m] Started irqbalance daemon.
         Starting Virtualbox guest utils...
         Starting LSB: Linux init script for swapspace...
         Starting LSB: automatic crash report generation...
         Starting LXD - container startup/shutdown...
         Starting MySQL Community Server...
[[0;32m  OK  [0m] Started System Logging Service.
[[0;32m  OK  [0m] Started Availability of block devices.
[[0;32m  OK  [0m] Started Permit User Sessions.
[[0;32m  OK  [0m] Started containerd container runtime.
[[0;32m  OK  [0m] Started OpenBSD Secure Shell server.
[[0;32m  OK  [0m] Started Login Service.
[[0;32m  OK  [0m] Started Unattended Upgrades Shutdown.
         Starting Authorization Manager...
         Starting Docker Application Container Engine...
         Starting Hold until boot process finishes up...
         Starting Terminate Plymouth Boot Screen...
[[0;32m  OK  [0m] Started LSB: Linux init script for swapspace.
[[0;32m  OK  [0m] Started Hold until boot process finishes up.
         Starting Set console scheme...
[[0;32m  OK  [0m] Started Serial Getty on ttyS0.
[[0;32m  OK  [0m] Started Terminate Plymouth Boot Screen.
[[0;32m  OK  [0m] Started Authorization Manager.
[[0;32m  OK  [0m] Started Accounts Service.
[[0;32m  OK  [0m] Started LSB: automatic crash report generation.
[[0;32m  OK  [0m] Started Set console scheme.
[[0;32m  OK  [0m] Created slice system-getty.slice.
[[0;32m  OK  [0m] Started Getty on tty1.
[[0;32m  OK  [0m] Reached target Login Prompts.
[[0;32m  OK  [0m] Started LSB: Record successful boot for GRUB.
[[0;32m  OK  [0m] Started Virtualbox guest utils.
[[0;32m  OK  [0m] Started LXD - container startup/shutdown.
[[0;32m  OK  [0m] Started Snappy daemon.
         Starting Wait until snapd is fully seeded...
[[0;32m  OK  [0m] Created slice User Slice of vagrant.
         Starting User Manager for UID 1000...
[[0;32m  OK  [0m] Started Session 1 of user vagrant.
[[0;32m  OK  [0m] Started Wait until snapd is fully seeded.
         Starting Apply the settings specified in cloud-config...
[[0;32m  OK  [0m] Started Dispatcher daemon for systemd-networkd.
[[0;32m  OK  [0m] Started User Manager for UID 1000.
[[0;32m  OK  [0m] Created slice User Slice of jenkins.
         Starting User Manager for UID 112...
[[0;32m  OK  [0m] Started Session c1 of user jenkins.
[[0;32m  OK  [0m] Started User Manager for UID 112.
[   14.716475] cloud-init[1293]: Cloud-init v. 19.4-33-gbb4131a2-0ubuntu1~18.04.1 running 'modules:config' at Wed, 15 Apr 2020 15:00:50 +0000. Up 14.25 seconds.
[[0;32m  OK  [0m] Started Apply the settings specified in cloud-config.

Ubuntu 18.04.4 LTS ubuntu-bionic ttyS0

ubuntu-bionic login: [   17.955799] cloud-init[1760]: Cloud-init v. 19.4-33-gbb4131a2-0ubuntu1~18.04.1 running 'modules:final' at Wed, 15 Apr 2020 15:00:54 +0000. Up 17.78 seconds.
[   17.955902] cloud-init[1760]: Cloud-init v. 19.4-33-gbb4131a2-0ubuntu1~18.04.1 finished at Wed, 15 Apr 2020 15:00:54 +0000. Datasource DataSourceNoCloud [seed=/dev/sdb][dsmode=net].  Up 17.94 seconds
         Stopping User Manager for UID 1000...
[[0;32m  OK  [0m] Closed Load/Save RF Kill Switch Status /dev/rfkill Watch.
[[0;32m  OK  [0m] Stopped target Cloud-init target.
         Stopping Authorization Manager...
         Stopping Availability of block devices...
[[0;32m  OK  [0m] Stopped target Timers.
[[0;32m  OK  [0m] Stopped Discard unused blocks once a week.
[[0;32m  OK  [0m] Stopped Daily Cleanup of Temporary Directories.
         Stopping Daemon for generating UUIDs...
         Stopping Session 20 of user vagrant.
[[0;32m  OK  [0m] Stopped target Graphical Interface.
         Stopping User Manager for UID 112...
         Stopping Accounts Service...
[[0;32m  OK  [0m] Stopped Execute cloud user/final scripts.
[[0;32m  OK  [0m] Stopped Apply the settings specified in cloud-config.
[[0;32m  OK  [0m] Stopped target Multi-User System.
         Stopping MySQL Community Server...
         Stopping Dispatcher daemon for systemd-networkd...
         Stopping Unattended Upgrades Shutdown...
         Stopping System Logging Service...
         Stopping irqbalance daemon...
         Stopping Deferred execution scheduler...
         Stopping LSB: automatic crash report generation...
         Stopping D-Bus System Message Bus...
         Stopping LXD - container startup/shutdown...
         Stopping FUSE filesystem for LXC...
         Stopping Regular background program processing daemon...
         Stopping LSB: Record successful boot for GRUB...
         Stopping LSB: Linux init script for swapspace...
         Stopping Virtualbox guest utils...
         Stopping LSB: Start Jenkins at boot time...
[[0;32m  OK  [0m] Stopped Wait until snapd is fully seeded.
         Stopping OpenBSD Secure Shell server...
[[0;32m  OK  [0m] Stopped target Host and Network Name Lookups.
[[0;32m  OK  [0m] Stopped Daily apt upgrade and clean activities.
[[0;32m  OK  [0m] Stopped Daily apt download activities.
[[0;32m  OK  [0m] Stopped target Cloud-config availability.
         Stopping Session c2 of user jenkins.
         Stopping Docker Application Container Engine...
[[0;32m  OK  [0m] Stopped target Login Prompts.
         Stopping Getty on tty1...
         Stopping Serial Getty on ttyS0...
[[0;32m  OK  [0m] Stopped Message of the Day.
[[0;32m  OK  [0m] Stopped target System Time Synchronized.
[[0;32m  OK  [0m] Unmounted /var/lib/lxcfs.
[[0;32m  OK  [0m] Stopped System Logging Service.
[[0;32m  OK  [0m] Stopped Regular background program processing daemon.
[[0;32m  OK  [0m] Stopped Dispatcher daemon for systemd-networkd.
[[0;32m  OK  [0m] Stopped Deferred execution scheduler.
[[0;32m  OK  [0m] Stopped Accounts Service.
[[0;32m  OK  [0m] Stopped irqbalance daemon.
[[0;32m  OK  [0m] Stopped Serial Getty on ttyS0.
[[0;32m  OK  [0m] Stopped Authorization Manager.
[[0;32m  OK  [0m] Stopped OpenBSD Secure Shell server.
[[0;32m  OK  [0m] Stopped Docker Application Container Engine.
[[0;32m  OK  [0m] Stopped User Manager for UID 112.
[[0;32m  OK  [0m] Stopped Daemon for generating UUIDs.
[[0;32m  OK  [0m] Stopped User Manager for UID 1000.
[[0;32m  OK  [0m] Stopped D-Bus System Message Bus.
[[0;32m  OK  [0m] Stopped Unattended Upgrades Shutdown.
         Stopping containerd container runtime...
[[0;32m  OK  [0m] Removed slice system-serial\x2dgetty.slice.
[[0;32m  OK  [0m] Stopped Getty on tty1.
[[0;32m  OK  [0m] Stopped containerd container runtime.
[[0;32m  OK  [0m] Stopped LXD - container startup/shutdown.
[[0;32m  OK  [0m] Stopped FUSE filesystem for LXC.
[[0;32m  OK  [0m] Stopped Availability of block devices.
[[0;32m  OK  [0m] Stopped Session 20 of user vagrant.
[[0;32m  OK  [0m] Removed slice User Slice of vagrant.
[[0;32m  OK  [0m] Removed slice system-getty.slice.
[[0;32m  OK  [0m] Stopped LSB: Linux init script for swapspace.
[[0;32m  OK  [0m] Stopped Virtualbox guest utils.
[[0;32m  OK  [0m] Stopped LSB: automatic crash report generation.
[[0;32m  OK  [0m] Stopped LSB: Record successful boot for GRUB.
[[0;32m  OK  [0m] Unmounted /run/user/1000.
[[0;32m  OK  [0m] Stopped Session c2 of user jenkins.
[[0;32m  OK  [0m] Removed slice User Slice of jenkins.
         Stopping Login Service...
         Stopping Permit User Sessions...
[[0;32m  OK  [0m] Stopped Permit User Sessions.
[[0;32m  OK  [0m] Stopped Login Service.
[[0;32m  OK  [0m] Stopped target User and Group Name Lookups.
[[0;32m  OK  [0m] Stopped LSB: Start Jenkins at boot time.
[[0;32m  OK  [0m] Stopped target Network is Online.
[[0;32m  OK  [0m] Stopped target Remote File Systems.
[[0;32m  OK  [0m] Stopped target Remote File Systems (Pre).
[[0;32m  OK  [0m] Stopped MySQL Community Server.
[[0;32m  OK  [0m] Stopped target Basic System.
[[0;32m  OK  [0m] Stopped target Sockets.
[[0;32m  OK  [0m] Closed Docker Socket for the API.
[[0;32m  OK  [0m] Closed ACPID Listen Socket.
[[0;32m  OK  [0m] Closed Open-iSCSI iscsid Socket.
[[0;32m  OK  [0m] Closed D-Bus System Message Bus Socket.
[[0;32m  OK  [0m] Closed Socket activation for snappy daemon.
[[0;32m  OK  [0m] Closed UUID daemon activation socket.
[[0;32m  OK  [0m] Closed LXD - unix socket.
[[0;32m  OK  [0m] Closed Syslog Socket.
[[0;32m  OK  [0m] Stopped target Paths.
[[0;32m  OK  [0m] Stopped ACPI Events Check.
[[0;32m  OK  [0m] Stopped target Slices.
[[0;32m  OK  [0m] Removed slice User and Session Slice.
[[0;32m  OK  [0m] Stopped target Network.
         Stopping Network Name Resolution...
[[0;32m  OK  [0m] Stopped target System Initialization.
         Stopping Load/Save Random Seed...
[[0;32m  OK  [0m] Stopped Initial cloud-init job (metadata service crawler).
[[0;32m  OK  [0m] Stopped target Local Encrypted Volumes.
[[0;32m  OK  [0m] Stopped Dispatch Password Requests to Console Directory Watch.
[[0;32m  OK  [0m] Stopped Forward Password Requests to Wall Directory Watch.
         Stopping Update UTMP about System Boot/Shutdown...
[[0;32m  OK  [0m] Stopped Network Name Resolution.
[[0;32m  OK  [0m] Stopped Load/Save Random Seed.
         Stopping Network Service...
[[0;32m  OK  [0m] Stopped Update UTMP about System Boot/Shutdown.
[[0;32m  OK  [0m] Stopped Create Volatile Files and Directories.
[[0;32m  OK  [0m] Stopped target Local File Systems.
         Unmounting /run/user/112...
         Unmounting /configs...
         Unmounting /vagrant...
[[0;32m  OK  [0m] Unmounted /configs.
[[0;32m  OK  [0m] Stopped Network Service.
[[0;32m  OK  [0m] Unmounted /run/user/112.
[[0;32m  OK  [0m] Stopped target Swap.
[[0;32m  OK  [0m] Stopped target Network (Pre).
[[0;32m  OK  [0m] Stopped Initial cloud-init job (pre-networking).
[[0;32m  OK  [0m] Stopped Apply Kernel Variables.
[[0;32m  OK  [0m] Stopped Load Kernel Modules.
[[0;32m  OK  [0m] Unmounted /vagrant.
[[0;32m  OK  [0m] Reached target Unmount All Filesystems.
[[0;32m  OK  [0m] Stopped target Local File Systems (Pre).
[[0;32m  OK  [0m] Stopped Remount Root and Kernel File Systems.
         Stopping Monitoring of LVM2 mirrors…ng dmeventd or progress polling...
[[0;32m  OK  [0m] Stopped Create Static Device Nodes in /dev.
[[0;32m  OK  [0m] Reached target Shutdown.
[[0;32m  OK  [0m] Reached target Final Step.
         Starting Power-Off...
[22981.308868] reboot: Power down
